# JRE version: OpenJDK Runtime Environment Microsoft-8035250 (11.0.20+8) (build 11.0.20+8-LTS)
# Java VM: OpenJDK 64-Bit Server VM Microsoft-8035250 (11.0.20+8-LTS, mixed mode, tiered, compressed oops, g1 gc, windows-amd64)
Heap:
 garbage-first heap   total 310272K, used 238857K [0x0000000080000000, 0x0000000100000000)
  region size 1024K, 17 young (17408K), 1 survivors (1024K)
 Metaspace       used 128365K, capacity 133700K, committed 133816K, reserved 632832K
  class space    used 16132K, capacity 18120K, committed 18176K, reserved 516096K
GC Heap History (20 events):
Event: 55.183 GC heap before
{Heap before GC invocations=82 (full 0):
 garbage-first heap   total 258048K, used 227105K [0x0000000080000000, 0x0000000100000000)
  region size 1024K, 12 young (12288K), 2 survivors (2048K)
 Metaspace       used 127628K, capacity 132967K, committed 133304K, reserved 632832K
  class space    used 16109K, capacity 18076K, committed 18176K, reserved 516096K
}
Event: 55.186 GC heap after
{Heap after GC invocations=83 (full 0):
 garbage-first heap   total 258048K, used 218963K [0x0000000080000000, 0x0000000100000000)
  region size 1024K, 2 young (2048K), 2 survivors (2048K)
 Metaspace       used 127628K, capacity 132967K, committed 133304K, reserved 632832K
  class space    used 16109K, capacity 18076K, committed 18176K, reserved 516096K
}
Event: 55.361 GC heap before
{Heap before GC invocations=83 (full 0):
 garbage-first heap   total 258048K, used 228179K [0x0000000080000000, 0x0000000100000000)
  region size 1024K, 12 young (12288K), 2 survivors (2048K)
 Metaspace       used 127787K, capacity 133101K, committed 133304K, reserved 632832K
  class space    used 16109K, capacity 18076K, committed 18176K, reserved 516096K
}
Event: 55.367 GC heap after
{Heap after GC invocations=84 (full 0):
 garbage-first heap   total 258048K, used 221968K [0x0000000080000000, 0x0000000100000000)
  region size 1024K, 2 young (2048K), 2 survivors (2048K)
 Metaspace       used 127787K, capacity 133101K, committed 133304K, reserved 632832K
  class space    used 16109K, capacity 18076K, committed 18176K, reserved 516096K
}
Event: 55.707 GC heap before
{Heap before GC invocations=85 (full 0):
 garbage-first heap   total 258048K, used 231184K [0x0000000080000000, 0x0000000100000000)
  region size 1024K, 12 young (12288K), 2 survivors (2048K)
 Metaspace       used 127845K, capacity 133165K, committed 133304K, reserved 632832K
  class space    used 16110K, capacity 18076K, committed 18176K, reserved 516096K
}
Event: 55.712 GC heap after
{Heap after GC invocations=86 (full 0):
 garbage-first heap   total 258048K, used 222249K [0x0000000080000000, 0x0000000100000000)
  region size 1024K, 1 young (1024K), 1 survivors (1024K)
 Metaspace       used 127845K, capacity 133165K, committed 133304K, reserved 632832K
  class space    used 16110K, capacity 18076K, committed 18176K, reserved 516096K
}
Event: 55.842 GC heap before
{Heap before GC invocations=86 (full 0):
 garbage-first heap   total 258048K, used 234537K [0x0000000080000000, 0x0000000100000000)
  region size 1024K, 12 young (12288K), 1 survivors (1024K)
 Metaspace       used 127866K, capacity 133165K, committed 133304K, reserved 632832K
  class space    used 16110K, capacity 18076K, committed 18176K, reserved 516096K
}
Event: 55.848 GC heap after
{Heap after GC invocations=87 (full 0):
 garbage-first heap   total 258048K, used 215560K [0x0000000080000000, 0x0000000100000000)
  region size 1024K, 1 young (1024K), 1 survivors (1024K)
 Metaspace       used 127866K, capacity 133165K, committed 133304K, reserved 632832K
  class space    used 16110K, capacity 18076K, committed 18176K, reserved 516096K
}
Event: 56.084 GC heap before
{Heap before GC invocations=87 (full 0):
 garbage-first heap   total 258048K, used 229896K [0x0000000080000000, 0x0000000100000000)
  region size 1024K, 12 young (12288K), 1 survivors (1024K)
 Metaspace       used 128129K, capacity 133492K, committed 133560K, reserved 632832K
  class space    used 16132K, capacity 18120K, committed 18176K, reserved 516096K
}
Event: 56.088 GC heap after
{Heap after GC invocations=88 (full 0):
 garbage-first heap   total 258048K, used 221437K [0x0000000080000000, 0x0000000100000000)
  region size 1024K, 2 young (2048K), 2 survivors (2048K)
 Metaspace       used 128129K, capacity 133492K, committed 133560K, reserved 632832K
  class space    used 16132K, capacity 18120K, committed 18176K, reserved 516096K
}
Event: 56.409 GC heap before
{Heap before GC invocations=88 (full 0):
 garbage-first heap   total 258048K, used 231677K [0x0000000080000000, 0x0000000100000000)
  region size 1024K, 12 young (12288K), 2 survivors (2048K)
 Metaspace       used 128178K, capacity 133494K, committed 133560K, reserved 632832K
  class space    used 16132K, capacity 18120K, committed 18176K, reserved 516096K
}
Event: 56.413 GC heap after
{Heap after GC invocations=89 (full 0):
 garbage-first heap   total 258048K, used 223829K [0x0000000080000000, 0x0000000100000000)
  region size 1024K, 2 young (2048K), 2 survivors (2048K)
 Metaspace       used 128178K, capacity 133494K, committed 133560K, reserved 632832K
  class space    used 16132K, capacity 18120K, committed 18176K, reserved 516096K
}
Event: 56.494 GC heap before
{Heap before GC invocations=89 (full 0):
 garbage-first heap   total 258048K, used 234069K [0x0000000080000000, 0x0000000100000000)
  region size 1024K, 12 young (12288K), 2 survivors (2048K)
 Metaspace       used 128182K, capacity 133494K, committed 133560K, reserved 632832K
  class space    used 16132K, capacity 18120K, committed 18176K, reserved 516096K
}
Event: 56.499 GC heap after
{Heap after GC invocations=90 (full 0):
 garbage-first heap   total 258048K, used 226041K [0x0000000080000000, 0x0000000100000000)
  region size 1024K, 2 young (2048K), 2 survivors (2048K)
 Metaspace       used 128182K, capacity 133494K, committed 133560K, reserved 632832K
  class space    used 16132K, capacity 18120K, committed 18176K, reserved 516096K
}
Event: 56.789 GC heap before
{Heap before GC invocations=90 (full 0):
 garbage-first heap   total 258048K, used 235257K [0x0000000080000000, 0x0000000100000000)
  region size 1024K, 12 young (12288K), 2 survivors (2048K)
 Metaspace       used 128254K, capacity 133564K, committed 133816K, reserved 632832K
  class space    used 16132K, capacity 18120K, committed 18176K, reserved 516096K
}
Event: 56.794 GC heap after
{Heap after GC invocations=91 (full 0):
 garbage-first heap   total 258048K, used 226686K [0x0000000080000000, 0x0000000100000000)
  region size 1024K, 2 young (2048K), 2 survivors (2048K)
 Metaspace       used 128254K, capacity 133564K, committed 133816K, reserved 632832K
  class space    used 16132K, capacity 18120K, committed 18176K, reserved 516096K
}
Event: 56.983 GC heap before
{Heap before GC invocations=92 (full 0):
 garbage-first heap   total 258048K, used 236926K [0x0000000080000000, 0x0000000100000000)
  region size 1024K, 12 young (12288K), 2 survivors (2048K)
 Metaspace       used 128289K, capacity 133628K, committed 133816K, reserved 632832K
  class space    used 16132K, capacity 18120K, committed 18176K, reserved 516096K
}
Event: 56.989 GC heap after
{Heap after GC invocations=93 (full 0):
 garbage-first heap   total 310272K, used 228604K [0x0000000080000000, 0x0000000100000000)
  region size 1024K, 2 young (2048K), 2 survivors (2048K)
 Metaspace       used 128289K, capacity 133628K, committed 133816K, reserved 632832K
  class space    used 16132K, capacity 18120K, committed 18176K, reserved 516096K
}
Event: 57.363 GC heap before
{Heap before GC invocations=93 (full 0):
 garbage-first heap   total 310272K, used 240891K [0x0000000080000000, 0x0000000100000000)
  region size 1024K, 15 young (15360K), 2 survivors (2048K)
 Metaspace       used 128357K, capacity 133698K, committed 133816K, reserved 632832K
  class space    used 16132K, capacity 18120K, committed 18176K, reserved 516096K
}
Event: 57.367 GC heap after
{Heap after GC invocations=94 (full 0):
 garbage-first heap   total 310272K, used 224521K [0x0000000080000000, 0x0000000100000000)
  region size 1024K, 1 young (1024K), 1 survivors (1024K)
 Metaspace       used 128357K, capacity 133698K, committed 133816K, reserved 632832K
  class space    used 16132K, capacity 18120K, committed 18176K, reserved 516096K
}

